<?xml version="1.0" encoding="utf-8"?><testsuites name="pytest tests"><testsuite name="pytest" errors="2" failures="0" skipped="0" tests="7" time="1.863" timestamp="2026-08-29T13:10:58.765801+00:00" hostname="agent-env-31244285-3597-4aca-bcf6-52d02d191c24"><testcase classname="" name="tests.test_ai_chat_and_settings" time="0.000"><error message="collection failure">backend/tests/test_ai_chat_and_settings.py:7: in &lt;module&gt;
    BASE_URL = os.environ["REACT_APP_BACKEND_URL"].rstrip("/")
               ^^^^^^^^^^^^^^^^^^^^^^^^^^^^^^^^^^^
&lt;frozen os&gt;:679: in __getitem__
    ???
E   KeyError: 'REACT_APP_BACKEND_URL'</error><error message="collection failure">backend/tests/test_ai_chat_and_settings.py:7: in &lt;module&gt;
    BASE_URL = os.environ["REACT_APP_BACKEND_URL"].rstrip("/")
               ^^^^^^^^^^^^^^^^^^^^^^^^^^^^^^^^^^^
&lt;frozen os&gt;:679: in __getitem__
    ???
E   KeyError: 'REACT_APP_BACKEND_URL'</error></testcase><testcase classname="tests.test_chat_and_header.TestChatNoAutoReply" name="test_post_message_returns_only_user" time="0.659" /><testcase classname="tests.test_chat_and_header.TestChatNoAutoReply" name="test_get_messages_no_bot_sender" time="0.075" /><testcase classname="tests.test_chat_and_header.TestChatNoAutoReply" name="test_admin_reply_appears_for_user" time="0.448" /><testcase classname="tests.test_chat_and_header.TestChatNoAutoReply" name="test_admin_chat_gating" time="0.074" /><testcase classname="tests.test_chat_and_header.TestChatNoAutoReply" name="test_admin_chat_threads" time="0.078" /></testsuite></testsuites>