<?xml version="1.0" encoding="utf-8"?><testsuites name="pytest tests"><testsuite name="pytest" errors="0" failures="1" skipped="0" tests="28" time="5.523" timestamp="2026-08-29T11:45:51.566529+00:00" hostname="agent-env-31244285-3597-4aca-bcf6-52d02d191c24"><testcase classname="tests.backend_test.TestPublic" name="test_settings" time="0.558" /><testcase classname="tests.backend_test.TestAdmin" name="test_admin_gating" time="0.883" /><testcase classname="tests.backend_test.TestPublic" name="test_sections_sorted_visible" time="0.085" /><testcase classname="tests.backend_test.TestPublic" name="test_repair_flow" time="0.305" /><testcase classname="tests.backend_test.TestPublic" name="test_categories_and_products" time="0.798" /><testcase classname="tests.backend_test.TestAdmin" name="test_admin_stats" time="0.362" /><testcase classname="tests.backend_test.TestAdmin" name="test_admin_users_list" time="0.070" /><testcase classname="tests.backend_test.TestAdmin" name="test_admin_orders_list" time="0.069" /><testcase classname="tests.backend_test.TestAdmin" name="test_admin_settings_update" time="0.324" /><testcase classname="tests.backend_test.TestAdmin" name="test_products_crud" time="0.461" /><testcase classname="tests.backend_test.TestPublic" name="test_sell_public" time="0.198" /><testcase classname="tests.backend_test.TestPublic" name="test_buy_phones" time="0.269" /><testcase classname="tests.backend_test.TestAdmin" name="test_sections_crud" time="0.716" /><testcase classname="tests.backend_test.TestAuth" name="test_register_login_me" time="0.674"><failure message="AssertionError: assert 'test_user_f7...50@fixitz.com' == 'TEST_user_f7...50@fixitz.com'&#10;  &#10;  - TEST_user_f7fa3050@fixitz.com&#10;  ? ^^^^&#10;  + test_user_f7fa3050@fixitz.com&#10;  ? ^^^^">backend/tests/backend_test.py:49: in test_register_login_me
    assert r.json()["user"]["email"] == email
E   AssertionError: assert 'test_user_f7...50@fixitz.com' == 'TEST_user_f7...50@fixitz.com'
E     
E     - TEST_user_f7fa3050@fixitz.com
E     ? ^^^^
E     + test_user_f7fa3050@fixitz.com
E     ? ^^^^</failure></testcase><testcase classname="tests.backend_test.TestAuth" name="test_invalid_login" time="0.078" /><testcase classname="tests.backend_test.TestAdmin" name="test_order_status_update" time="0.361" /><testcase classname="tests.backend_test.TestAdmin" name="test_unknown_collection" time="0.109" /><testcase classname="tests.backend_test.TestAuth" name="test_admin_role" time="0.407" /><testcase classname="tests.backend_test.TestCoupon" name="test_valid_coupon" time="0.070" /><testcase classname="tests.backend_test.TestSellQuote" name="test_sell_quote_breakdown" time="0.302" /><testcase classname="tests.backend_test.TestCoupon" name="test_coupon_min_order" time="0.068" /><testcase classname="tests.backend_test.TestCoupon" name="test_coupon_invalid" time="0.110" /><testcase classname="tests.backend_test.TestOrders" name="test_create_and_list_orders" time="0.183" /><testcase classname="tests.backend_test.TestSellQuote" name="test_sell_quote_no_answers" time="0.158" /><testcase classname="tests.backend_test.TestOrders" name="test_orders_require_auth" time="0.110" /><testcase classname="tests.backend_test.TestSellQuote" name="test_sell_quote_bad_device" time="0.077" /><testcase classname="tests.backend_test.TestPayments" name="test_create_order_returns_id" time="0.973" /><testcase classname="tests.backend_test.TestPayments" name="test_verify_fake_signature" time="0.071" /></testsuite></testsuites>