<?xml version="1.0" encoding="utf-8"?><testsuites name="pytest tests"><testsuite name="pytest" errors="0" failures="0" skipped="0" tests="36" time="7.271" timestamp="2026-08-29T12:33:38.001937+00:00" hostname="agent-env-31244285-3597-4aca-bcf6-52d02d191c24"><testcase classname="tests.backend_test.TestAdmin" name="test_admin_gating" time="1.163" /><testcase classname="tests.backend_test.TestAdmin" name="test_admin_stats" time="0.473" /><testcase classname="tests.backend_test.TestAdminFeatures" name="test_features_update_admin" time="1.818" /><testcase classname="tests.backend_test.TestAdmin" name="test_admin_users_list" time="0.133" /><testcase classname="tests.backend_test.TestAdmin" name="test_admin_orders_list" time="0.130" /><testcase classname="tests.backend_test.TestAdmin" name="test_admin_settings_update" time="0.326" /><testcase classname="tests.backend_test.TestAdmin" name="test_products_crud" time="0.677" /><testcase classname="tests.backend_test.TestAdmin" name="test_sections_crud" time="0.397" /><testcase classname="tests.backend_test.TestAdmin" name="test_order_status_update" time="0.161" /><testcase classname="tests.backend_test.TestAdmin" name="test_unknown_collection" time="0.085" /><testcase classname="tests.backend_test.TestWallet" name="test_wallet_requires_auth" time="0.161" /><testcase classname="tests.backend_test.TestAdminFeatures" name="test_features_update_forbidden_for_user" time="1.825" /><testcase classname="tests.backend_test.TestAdminFeatures" name="test_section_reorder_and_config" time="0.205" /><testcase classname="tests.backend_test.TestWallet" name="test_wallet_get_initial" time="0.079" /><testcase classname="tests.backend_test.TestWallet" name="test_wallet_add_and_persist" time="0.329" /><testcase classname="tests.backend_test.TestAdminFeatures" name="test_repair_flow" time="0.206" /><testcase classname="tests.backend_test.TestAdminFeatures" name="test_categories_and_products" time="0.735" /><testcase classname="tests.backend_test.TestWallet" name="test_wallet_add_invalid_amount" time="0.157" /><testcase classname="tests.backend_test.TestAuth" name="test_register_login_me" time="0.460" /><testcase classname="tests.backend_test.TestAuth" name="test_invalid_login" time="0.075" /><testcase classname="tests.backend_test.TestAdminFeatures" name="test_sell_public" time="0.133" /><testcase classname="tests.backend_test.TestAuth" name="test_admin_role" time="0.089" /><testcase classname="tests.backend_test.TestPublic" name="test_settings" time="0.073" /><testcase classname="tests.backend_test.TestAdminFeatures" name="test_buy_phones" time="0.260" /><testcase classname="tests.backend_test.TestPublic" name="test_sections_sorted_visible" time="0.075" /><testcase classname="tests.backend_test.TestPublic" name="test_settings_features_and_theme" time="0.072" /><testcase classname="tests.backend_test.TestCoupon" name="test_valid_coupon" time="0.090" /><testcase classname="tests.backend_test.TestSellQuote" name="test_sell_quote_breakdown" time="0.240" /><testcase classname="tests.backend_test.TestCoupon" name="test_coupon_min_order" time="0.083" /><testcase classname="tests.backend_test.TestCoupon" name="test_coupon_invalid" time="0.085" /><testcase classname="tests.backend_test.TestOrders" name="test_create_and_list_orders" time="0.199" /><testcase classname="tests.backend_test.TestSellQuote" name="test_sell_quote_no_answers" time="0.136" /><testcase classname="tests.backend_test.TestSellQuote" name="test_sell_quote_bad_device" time="0.065" /><testcase classname="tests.backend_test.TestOrders" name="test_orders_require_auth" time="0.094" /><testcase classname="tests.backend_test.TestPayments" name="test_create_order_returns_id" time="0.944" /><testcase classname="tests.backend_test.TestPayments" name="test_verify_fake_signature" time="0.077" /></testsuite></testsuites>